<?xml version="1.0" encoding="UTF-8"?>
<testsuite name="PATCH /api/extensions/fixed/batch" tests="2" skipped="0" failures="0" errors="0" timestamp="2026-01-15T07:44:45.408Z" hostname="hansehwans-MacBook-Air.local" time="0.613">
  <properties/>
  <testcase name="빈 요청 본문으로 배치 업데이트" classname="com.example.extensionCheck.api.Controller.ExtensionControllerTest$BatchUpdateFixed" time="0.586"/>
  <testcase name="배치 업데이트 성공" classname="com.example.extensionCheck.api.Controller.ExtensionControllerTest$BatchUpdateFixed" time="0.025"/>
  <system-out><![CDATA[2026-01-15T16:44:45.608+09:00  INFO 53835 --- [extensionCheck] [    Test worker] o.s.mock.web.MockServletContext          : Initializing Spring TestDispatcherServlet ''
2026-01-15T16:44:45.609+09:00  INFO 53835 --- [extensionCheck] [    Test worker] o.s.t.web.servlet.TestDispatcherServlet  : Initializing Servlet ''
2026-01-15T16:44:45.610+09:00  INFO 53835 --- [extensionCheck] [    Test worker] o.s.t.web.servlet.TestDispatcherServlet  : Completed initialization in 0 ms
2026-01-15T16:44:46.006+09:00  INFO 53835 --- [extensionCheck] [    Test worker] o.s.mock.web.MockServletContext          : Initializing Spring TestDispatcherServlet ''
2026-01-15T16:44:46.007+09:00  INFO 53835 --- [extensionCheck] [    Test worker] o.s.t.web.servlet.TestDispatcherServlet  : Initializing Servlet ''
2026-01-15T16:44:46.007+09:00  INFO 53835 --- [extensionCheck] [    Test worker] o.s.t.web.servlet.TestDispatcherServlet  : Completed initialization in 0 ms
]]></system-out>
  <system-err><![CDATA[]]></system-err>
</testsuite>
