<?xml version="1.0" encoding="UTF-8"?>
<testsuite name="saveFixedExtension 메서드" tests="2" skipped="0" failures="0" errors="0" timestamp="2026-01-15T07:44:46.596Z" hostname="hansehwans-MacBook-Air.local" time="0.003">
  <properties/>
  <testcase name="비활성화된 고정 확장자를 재활성화한다" classname="com.example.extensionCheck.api.Service.ExtensionServiceTest$SaveFixedExtension" time="0.002"/>
  <testcase name="새로운 고정 확장자를 저장한다" classname="com.example.extensionCheck.api.Service.ExtensionServiceTest$SaveFixedExtension" time="0.001"/>
  <system-out><![CDATA[]]></system-out>
  <system-err><![CDATA[]]></system-err>
</testsuite>
