<?xml version="1.0" encoding="UTF-8"?>
<testsuite name="addExtension 메서드" tests="5" skipped="0" failures="0" errors="0" timestamp="2026-01-15T07:44:46.571Z" hostname="hansehwans-MacBook-Air.local" time="0.025">
  <properties/>
  <testcase name="새로운 커스텀 확장자를 성공적으로 추가한다" classname="com.example.extensionCheck.api.Service.ExtensionServiceTest$AddExtension" time="0.014"/>
  <testcase name="비활성화된 확장자가 있으면 재활성화한다" classname="com.example.extensionCheck.api.Service.ExtensionServiceTest$AddExtension" time="0.002"/>
  <testcase name="200개 초과 시 MAX_LIMIT_EXCEEDED 예외를 던진다" classname="com.example.extensionCheck.api.Service.ExtensionServiceTest$AddExtension" time="0.002"/>
  <testcase name="이미 활성화된 확장자면 ALREADY_EXISTS 예외를 던진다" classname="com.example.extensionCheck.api.Service.ExtensionServiceTest$AddExtension" time="0.002"/>
  <testcase name="고정 확장자와 동일한 이름이면 FIXED_EXTENSION_CONFLICT 예외를 던진다" classname="com.example.extensionCheck.api.Service.ExtensionServiceTest$AddExtension" time="0.003"/>
  <system-out><![CDATA[2026-01-15T16:44:46.575+09:00  INFO 53835 --- [extensionCheck] [    Test worker] c.e.e.api.Service.ExtensionService       : Created new extension: pdf
2026-01-15T16:44:46.587+09:00  INFO 53835 --- [extensionCheck] [    Test worker] c.e.e.api.Service.ExtensionService       : Reactivated extension: pdf
]]></system-out>
  <system-err><![CDATA[]]></system-err>
</testsuite>
